#
# There is insufficient memory for the Java Runtime Environment to continue.
# Native memory allocation (malloc) failed to allocate 32744 bytes for ChunkPool::allocate
# Possible reasons:
#   The system is out of physical RAM or swap space
#   In 32 bit mode, the process size limit was hit
# Possible solutions:
#   Reduce memory load on the system
#   Increase physical memory or swap space
#   Check if swap backing store is full
#   Use 64 bit Java on a 64 bit OS
#   Decrease Java heap size (-Xmx/-Xms)
#   Decrease number of Java threads
#   Decrease Java thread stack sizes (-Xss)
#   Set larger code cache with -XX:ReservedCodeCacheSize=
# This output file may be truncated or incomplete.
#
#  Out of Memory Error (allocation.cpp:273), pid=10588, tid=0x0000000000003fd4
#
# JRE version: Java(TM) SE Runtime Environment (8.0_121-b13) (build 1.8.0_121-b13)
# Java VM: Java HotSpot(TM) 64-Bit Server VM (25.121-b13 mixed mode windows-amd64 compressed oops)
# Failed to write core dump. Minidumps are not enabled by default on client versions of Windows
#

---------------  T H R E A D  ---------------

Current thread (0x00000000197c1800):  JavaThread "C2 CompilerThread1" daemon [_thread_in_native, id=16340, stack(0x000000001b030000,0x000000001b130000)]

Stack: [0x000000001b030000,0x000000001b130000]
[error occurred during error reporting (printing stack bounds), id 0xc0000005]

Native frames: (J=compiled Java code, j=interpreted, Vv=VM code, C=native code)


Current CompileTask:
C2:1374352  601       4       java.util.HashMap::get (23 bytes)


---------------  P R O C E S S  ---------------

Java Threads: ( => current thread )
  0x000000001ba29800 JavaThread "AWT-EventQueue-0" [_thread_blocked, id=15396, stack(0x000000001c7c0000,0x000000001c8c0000)]
  0x000000001b5ff800 JavaThread "AWT-Windows" daemon [_thread_in_native, id=5704, stack(0x000000001c390000,0x000000001c490000)]
  0x000000001b5fc800 JavaThread "AWT-Shutdown" [_thread_blocked, id=13428, stack(0x000000001c290000,0x000000001c390000)]
  0x000000001b5bb800 JavaThread "Java2D Disposer" daemon [_thread_blocked, id=16068, stack(0x000000001c190000,0x000000001c290000)]
  0x000000001b263000 JavaThread "Service Thread" daemon [_thread_blocked, id=15032, stack(0x000000001b630000,0x000000001b730000)]
  0x00000000197ca800 JavaThread "C1 CompilerThread2" daemon [_thread_blocked, id=2200, stack(0x000000001b130000,0x000000001b230000)]
=>0x00000000197c1800 JavaThread "C2 CompilerThread1" daemon [_thread_in_native, id=16340, stack(0x000000001b030000,0x000000001b130000)]
  0x00000000197bb800 JavaThread "C2 CompilerThread0" daemon [_thread_blocked, id=14620, stack(0x000000001af30000,0x000000001b030000)]
  0x00000000197c7000 JavaThread "Attach Listener" daemon [_thread_blocked, id=12352, stack(0x000000001ae30000,0x000000001af30000)]
  0x00000000197c5800 JavaThread "Signal Dispatcher" daemon [_thread_blocked, id=6452, stack(0x000000001ad30000,0x000000001ae30000)]
  0x00000000197aa000 JavaThread "Finalizer" daemon [_thread_blocked, id=10452, stack(0x000000001aa10000,0x000000001ab10000)]
  0x0000000004c71000 JavaThread "Reference Handler" daemon [_thread_blocked, id=6200, stack(0x000000001a910000,0x000000001aa10000)]
  0x000000000329d800 JavaThread "main" [_thread_in_native, id=204, stack(0x0000000004a80000,0x0000000004b80000)]

Other Threads:
  0x0000000019787000 VMThread [stack: 0x000000001a810000,0x000000001a910000] [id=3668]
  0x000000001b26e800 WatcherThread [stack: 0x000000001b890000,0x000000001b990000] [id=12776]

VM state:not at safepoint (normal execution)

VM Mutex/Monitor currently owned by a thread: None

Heap:
 PSYoungGen      total 136192K, used 17971K [0x00000000d5e00000, 0x00000000e1780000, 0x0000000100000000)
  eden space 131072K, 13% used [0x00000000d5e00000,0x00000000d6f8ccf0,0x00000000dde00000)
  from space 5120K, 0% used [0x00000000dde00000,0x00000000dde00000,0x00000000de300000)
  to   space 4608K, 0% used [0x00000000e1300000,0x00000000e1300000,0x00000000e1780000)
 ParOldGen       total 285696K, used 149886K [0x0000000081a00000, 0x0000000093100000, 0x00000000d5e00000)
  object space 285696K, 52% used [0x0000000081a00000,0x000000008ac5f8a8,0x0000000093100000)
 Metaspace       used 9059K, capacity 9318K, committed 9472K, reserved 1056768K
  class space    used 1090K, capacity 1163K, committed 1280K, reserved 1048576K

Card table byte_map: [0x0000000014040000,0x0000000014440000] byte_map_base: 0x0000000013c33000

Marking Bits: (ParMarkBitMap*) 0x0000000065a2b6d0
 Begin Bits: [0x0000000014af0000, 0x0000000016a88000)
 End Bits:   [0x0000000016a88000, 0x0000000018a20000)

Polling page: 0x00000000031d0000

CodeCache: size=245760Kb used=2324Kb max_used=2331Kb free=243436Kb
 bounds [0x0000000004c80000, 0x0000000004ef0000, 0x0000000013c80000]
 total_blobs=1027 nmethods=600 adapters=340
 compilation: enabled

Compilation events (10 events):
Event: 1042.155 Thread 0x00000000197c1800 nmethod 596 0x0000000004ec4590 code [0x0000000004ec46c0, 0x0000000004ec4778]
Event: 1374.096 Thread 0x00000000197bb800  597       4       java.lang.String::compareTo (9 bytes)
Event: 1374.097 Thread 0x00000000197bb800 nmethod 597 0x0000000004ec41d0 code [0x0000000004ec4320, 0x0000000004ec44d8]
Event: 1374.209 Thread 0x00000000197ca800  598       3       java.awt.Color::equals (27 bytes)
Event: 1374.210 Thread 0x00000000197c1800  601       4       java.util.HashMap::get (23 bytes)
Event: 1374.211 Thread 0x00000000197ca800 nmethod 598 0x0000000004ebd1d0 code [0x0000000004ebd340, 0x0000000004ebd830]
Event: 1374.211 Thread 0x00000000197ca800  599       3       java.lang.Float::isNaN (12 bytes)
Event: 1374.211 Thread 0x00000000197ca800 nmethod 599 0x0000000004ec3e50 code [0x0000000004ec3fa0, 0x0000000004ec4150]
Event: 1374.212 Thread 0x00000000197ca800  600       3       java.util.IdentityHashMap$IdentityHashMapIterator::<init> (6 bytes)
Event: 1374.215 Thread 0x00000000197ca800 nmethod 600 0x0000000004ebce50 code [0x0000000004ebcfc0, 0x0000000004ebd148]

GC Heap History (10 events):
Event: 0.498 GC heap before
{Heap before GC invocations=4 (full 1):
 PSYoungGen      total 71680K, used 3810K [0x00000000d5e00000, 0x00000000dea00000, 0x0000000100000000)
  eden space 66560K, 0% used [0x00000000d5e00000,0x00000000d5e00000,0x00000000d9f00000)
  from space 5120K, 74% used [0x00000000d9f00000,0x00000000da2b89b0,0x00000000da400000)
  to   space 5120K, 0% used [0x00000000de500000,0x00000000de500000,0x00000000dea00000)
 ParOldGen       total 87552K, used 79783K [0x0000000081a00000, 0x0000000086f80000, 0x00000000d5e00000)
  object space 87552K, 91% used [0x0000000081a00000,0x00000000867e9d10,0x0000000086f80000)
 Metaspace       used 6178K, capacity 6428K, committed 6528K, reserved 1056768K
  class space    used 732K, capacity 797K, committed 896K, reserved 1048576K
Event: 0.512 GC heap after
Heap after GC invocations=4 (full 1):
 PSYoungGen      total 71680K, used 0K [0x00000000d5e00000, 0x00000000dea00000, 0x0000000100000000)
  eden space 66560K, 0% used [0x00000000d5e00000,0x00000000d5e00000,0x00000000d9f00000)
  from space 5120K, 0% used [0x00000000d9f00000,0x00000000d9f00000,0x00000000da400000)
  to   space 5120K, 0% used [0x00000000de500000,0x00000000de500000,0x00000000dea00000)
 ParOldGen       total 146944K, used 63503K [0x0000000081a00000, 0x000000008a980000, 0x00000000d5e00000)
  object space 146944K, 43% used [0x0000000081a00000,0x0000000085803ec8,0x000000008a980000)
 Metaspace       used 6178K, capacity 6428K, committed 6528K, reserved 1056768K
  class space    used 732K, capacity 797K, committed 896K, reserved 1048576K
}
Event: 0.618 GC heap before
{Heap before GC invocations=5 (full 1):
 PSYoungGen      total 71680K, used 66560K [0x00000000d5e00000, 0x00000000dea00000, 0x0000000100000000)
  eden space 66560K, 100% used [0x00000000d5e00000,0x00000000d9f00000,0x00000000d9f00000)
  from space 5120K, 0% used [0x00000000d9f00000,0x00000000d9f00000,0x00000000da400000)
  to   space 5120K, 0% used [0x00000000de500000,0x00000000de500000,0x00000000dea00000)
 ParOldGen       total 146944K, used 63503K [0x0000000081a00000, 0x000000008a980000, 0x00000000d5e00000)
  object space 146944K, 43% used [0x0000000081a00000,0x0000000085803ec8,0x000000008a980000)
 Metaspace       used 6178K, capacity 6428K, committed 6528K, reserved 1056768K
  class space    used 732K, capacity 797K, committed 896K, reserved 1048576K
Event: 0.627 GC heap after
Heap after GC invocations=5 (full 1):
 PSYoungGen      total 116224K, used 3010K [0x00000000d5e00000, 0x00000000de800000, 0x0000000100000000)
  eden space 113152K, 0% used [0x00000000d5e00000,0x00000000d5e00000,0x00000000dcc80000)
  from space 3072K, 97% used [0x00000000de500000,0x00000000de7f0990,0x00000000de800000)
  to   space 5120K, 0% used [0x00000000dde00000,0x00000000dde00000,0x00000000de300000)
 ParOldGen       total 146944K, used 106172K [0x0000000081a00000, 0x000000008a980000, 0x00000000d5e00000)
  object space 146944K, 72% used [0x0000000081a00000,0x00000000881af0d8,0x000000008a980000)
 Metaspace       used 6178K, capacity 6428K, committed 6528K, reserved 1056768K
  class space    used 732K, capacity 797K, committed 896K, reserved 1048576K
}
Event: 0.627 GC heap before
{Heap before GC invocations=6 (full 2):
 PSYoungGen      total 116224K, used 3010K [0x00000000d5e00000, 0x00000000de800000, 0x0000000100000000)
  eden space 113152K, 0% used [0x00000000d5e00000,0x00000000d5e00000,0x00000000dcc80000)
  from space 3072K, 97% used [0x00000000de500000,0x00000000de7f0990,0x00000000de800000)
  to   space 5120K, 0% used [0x00000000dde00000,0x00000000dde00000,0x00000000de300000)
 ParOldGen       total 146944K, used 106172K [0x0000000081a00000, 0x000000008a980000, 0x00000000d5e00000)
  object space 146944K, 72% used [0x0000000081a00000,0x00000000881af0d8,0x000000008a980000)
 Metaspace       used 6178K, capacity 6428K, committed 6528K, reserved 1056768K
  class space    used 732K, capacity 797K, committed 896K, reserved 1048576K
Event: 0.632 GC heap after
Heap after GC invocations=6 (full 2):
 PSYoungGen      total 116224K, used 0K [0x00000000d5e00000, 0x00000000de800000, 0x0000000100000000)
  eden space 113152K, 0% used [0x00000000d5e00000,0x00000000d5e00000,0x00000000dcc80000)
  from space 3072K, 0% used [0x00000000de500000,0x00000000de500000,0x00000000de800000)
  to   space 5120K, 0% used [0x00000000dde00000,0x00000000dde00000,0x00000000de300000)
 ParOldGen       total 206336K, used 97646K [0x0000000081a00000, 0x000000008e380000, 0x00000000d5e00000)
  object space 206336K, 47% used [0x0000000081a00000,0x000000008795bb58,0x000000008e380000)
 Metaspace       used 6178K, capacity 6428K, committed 6528K, reserved 1056768K
  class space    used 732K, capacity 797K, committed 896K, reserved 1048576K
}
Event: 3.119 GC heap before
{Heap before GC invocations=7 (full 2):
 PSYoungGen      total 116224K, used 112896K [0x00000000d5e00000, 0x00000000de800000, 0x0000000100000000)
  eden space 113152K, 99% used [0x00000000d5e00000,0x00000000dcc40278,0x00000000dcc80000)
  from space 3072K, 0% used [0x00000000de500000,0x00000000de500000,0x00000000de800000)
  to   space 5120K, 0% used [0x00000000dde00000,0x00000000dde00000,0x00000000de300000)
 ParOldGen       total 206336K, used 97646K [0x0000000081a00000, 0x000000008e380000, 0x00000000d5e00000)
  object space 206336K, 47% used [0x0000000081a00000,0x000000008795bb58,0x000000008e380000)
 Metaspace       used 8957K, capacity 9180K, committed 9472K, reserved 1056768K
  class space    used 1085K, capacity 1160K, committed 1280K, reserved 1048576K
Event: 3.132 GC heap after
Heap after GC invocations=7 (full 2):
 PSYoungGen      total 136192K, used 3962K [0x00000000d5e00000, 0x00000000e1780000, 0x0000000100000000)
  eden space 131072K, 0% used [0x00000000d5e00000,0x00000000d5e00000,0x00000000dde00000)
  from space 5120K, 77% used [0x00000000dde00000,0x00000000de1deb28,0x00000000de300000)
  to   space 4608K, 0% used [0x00000000e1300000,0x00000000e1300000,0x00000000e1780000)
 ParOldGen       total 206336K, used 154618K [0x0000000081a00000, 0x000000008e380000, 0x00000000d5e00000)
  object space 206336K, 74% used [0x0000000081a00000,0x000000008b0febe8,0x000000008e380000)
 Metaspace       used 8957K, capacity 9180K, committed 9472K, reserved 1056768K
  class space    used 1085K, capacity 1160K, committed 1280K, reserved 1048576K
}
Event: 3.132 GC heap before
{Heap before GC invocations=8 (full 3):
 PSYoungGen      total 136192K, used 3962K [0x00000000d5e00000, 0x00000000e1780000, 0x0000000100000000)
  eden space 131072K, 0% used [0x00000000d5e00000,0x00000000d5e00000,0x00000000dde00000)
  from space 5120K, 77% used [0x00000000dde00000,0x00000000de1deb28,0x00000000de300000)
  to   space 4608K, 0% used [0x00000000e1300000,0x00000000e1300000,0x00000000e1780000)
 ParOldGen       total 206336K, used 154618K [0x0000000081a00000, 0x000000008e380000, 0x00000000d5e00000)
  object space 206336K, 74% used [0x0000000081a00000,0x000000008b0febe8,0x000000008e380000)
 Metaspace       used 8957K, capacity 9180K, committed 9472K, reserved 1056768K
  class space    used 1085K, capacity 1160K, committed 1280K, reserved 1048576K
Event: 3.167 GC heap after
Heap after GC invocations=8 (full 3):
 PSYoungGen      total 136192K, used 0K [0x00000000d5e00000, 0x00000000e1780000, 0x0000000100000000)
  eden space 131072K, 0% used [0x00000000d5e00000,0x00000000d5e00000,0x00000000dde00000)
  from space 5120K, 0% used [0x00000000dde00000,0x00000000dde00000,0x00000000de300000)
  to   space 4608K, 0% used [0x00000000e1300000,0x00000000e1300000,0x00000000e1780000)
 ParOldGen       total 285696K, used 149886K [0x0000000081a00000, 0x0000000093100000, 0x00000000d5e00000)
  object space 285696K, 52% used [0x0000000081a00000,0x000000008ac5f8a8,0x0000000093100000)
 Metaspace       used 8957K, capacity 9180K, committed 9472K, reserved 1056768K
  class space    used 1085K, capacity 1160K, committed 1280K, reserved 1048576K
}

Deoptimization events (1 events):
Event: 0.907 Thread 0x000000000329d800 Uncommon trap: reason=unstable_if action=reinterpret pc=0x0000000004e22adc method=java.io.BufferedInputStream.read1([BII)I @ 22

Internal exceptions (10 events):
Event: 0.028 Thread 0x000000000329d800 Exception <a 'java/lang/NoSuchMethodError': Method sun.misc.Unsafe.prefetchRead(Ljava/lang/Object;J)V name or signature does not match> (0x00000000d5e07f90) thrown at [C:\re\workspace\8-2-build-windows-amd64-cygwin\jdk8u121\8372\hotspot\src\share\vm\prims
Event: 0.066 Thread 0x000000000329d800 Exception <a 'java/io/FileNotFoundException'> (0x00000000d5e5bdb8) thrown at [C:\re\workspace\8-2-build-windows-amd64-cygwin\jdk8u121\8372\hotspot\src\share\vm\prims\jni.cpp, line 709]
Event: 0.091 Thread 0x000000000329d800 Exception <a 'java/security/PrivilegedActionException'> (0x00000000d5e94460) thrown at [C:\re\workspace\8-2-build-windows-amd64-cygwin\jdk8u121\8372\hotspot\src\share\vm\prims\jvm.cpp, line 1390]
Event: 0.091 Thread 0x000000000329d800 Exception <a 'java/security/PrivilegedActionException'> (0x00000000d5e94858) thrown at [C:\re\workspace\8-2-build-windows-amd64-cygwin\jdk8u121\8372\hotspot\src\share\vm\prims\jvm.cpp, line 1390]
Event: 0.092 Thread 0x000000000329d800 Exception <a 'java/security/PrivilegedActionException'> (0x00000000d5e986b0) thrown at [C:\re\workspace\8-2-build-windows-amd64-cygwin\jdk8u121\8372\hotspot\src\share\vm\prims\jvm.cpp, line 1390]
Event: 0.092 Thread 0x000000000329d800 Exception <a 'java/security/PrivilegedActionException'> (0x00000000d5e98aa8) thrown at [C:\re\workspace\8-2-build-windows-amd64-cygwin\jdk8u121\8372\hotspot\src\share\vm\prims\jvm.cpp, line 1390]
Event: 0.131 Thread 0x000000000329d800 Exception <a 'java/io/FileNotFoundException'> (0x00000000d5f94bd8) thrown at [C:\re\workspace\8-2-build-windows-amd64-cygwin\jdk8u121\8372\hotspot\src\share\vm\prims\jni.cpp, line 709]
Event: 0.168 Thread 0x000000000329d800 Exception <a 'java/lang/NoSuchFieldError': method resolution failed> (0x00000000d6061d18) thrown at [C:\re\workspace\8-2-build-windows-amd64-cygwin\jdk8u121\8372\hotspot\src\share\vm\prims\methodHandles.cpp, line 1146]
Event: 0.169 Thread 0x000000000329d800 Exception <a 'java/lang/NoSuchFieldError': method resolution failed> (0x00000000d606f4b8) thrown at [C:\re\workspace\8-2-build-windows-amd64-cygwin\jdk8u121\8372\hotspot\src\share\vm\prims\methodHandles.cpp, line 1146]
Event: 0.825 Thread 0x000000000329d800 Exception <a 'java/io/FileNotFoundException'> (0x00000000d614c350) thrown at [C:\re\workspace\8-2-build-windows-amd64-cygwin\jdk8u121\8372\hotspot\src\share\vm\prims\jni.cpp, line 709]

Events (10 events):
Event: 3.658 loading class sun/reflect/UnsafeBooleanFieldAccessorImpl
Event: 3.658 loading class sun/reflect/UnsafeBooleanFieldAccessorImpl done
Event: 4.098 Executing VM operation: EnableBiasedLocking
Event: 4.098 Executing VM operation: EnableBiasedLocking done
Event: 4.568 loading class java/awt/KeyboardFocusManager$2
Event: 4.568 loading class java/awt/KeyboardFocusManager$2 done
Event: 4.568 loading class sun/awt/SunToolkit$1
Event: 4.568 loading class sun/awt/SunToolkit$1 done
Event: 5.810 Thread 0x000000001b60b000 Thread exited: 0x000000001b60b000
Event: 5.820 Thread 0x000000001b61e800 Thread exited: 0x000000001b61e800


Dynamic libraries:
0x00007ff75f8a0000 - 0x00007ff75f8d7000 	C:\Program Files\Java\jre1.8.0_121\bin\javaw.exe
0x00007ff84b0b0000 - 0x00007ff84b290000 	C:\WINDOWS\SYSTEM32\ntdll.dll
0x00007ff842750000 - 0x00007ff842784000 	C:\Program Files\AVAST Software\Avast\x64\aswhooka.dll
0x00007ff84a0c0000 - 0x00007ff84a16e000 	C:\WINDOWS\System32\KERNEL32.DLL
0x00007ff848010000 - 0x00007ff848276000 	C:\WINDOWS\System32\KERNELBASE.dll
0x00007ff84a170000 - 0x00007ff84a211000 	C:\WINDOWS\System32\ADVAPI32.dll
0x00007ff849d00000 - 0x00007ff849d9d000 	C:\WINDOWS\System32\msvcrt.dll
0x00007ff84a8f0000 - 0x00007ff84a94b000 	C:\WINDOWS\System32\sechost.dll
0x00007ff84a950000 - 0x00007ff84aa6f000 	C:\WINDOWS\System32\RPCRT4.dll
0x00007ff84aef0000 - 0x00007ff84b07f000 	C:\WINDOWS\System32\USER32.dll
0x00007ff8476d0000 - 0x00007ff8476f0000 	C:\WINDOWS\System32\win32u.dll
0x00007ff84a220000 - 0x00007ff84a248000 	C:\WINDOWS\System32\GDI32.dll
0x00007ff847530000 - 0x00007ff8476c3000 	C:\WINDOWS\System32\gdi32full.dll
0x00007ff8484e0000 - 0x00007ff84857b000 	C:\WINDOWS\System32\msvcp_win.dll
0x00007ff848280000 - 0x00007ff848376000 	C:\WINDOWS\System32\ucrtbase.dll
0x00007ff83d2c0000 - 0x00007ff83d529000 	C:\WINDOWS\WinSxS\amd64_microsoft.windows.common-controls_6595b64144ccf1df_6.0.16299.431_none_15c7d3ee93659e73\COMCTL32.dll
0x00007ff849da0000 - 0x00007ff84a0a8000 	C:\WINDOWS\System32\combase.dll
0x00007ff8474b0000 - 0x00007ff847522000 	C:\WINDOWS\System32\bcryptPrimitives.dll
0x00007ff84aa70000 - 0x00007ff84aa9d000 	C:\WINDOWS\System32\IMM32.DLL
0x0000000064a50000 - 0x0000000064b22000 	C:\Program Files\Java\jre1.8.0_121\bin\msvcr100.dll
0x0000000065210000 - 0x0000000065aab000 	C:\Program Files\Java\jre1.8.0_121\bin\server\jvm.dll
0x00007ff849ae0000 - 0x00007ff849ae8000 	C:\WINDOWS\System32\PSAPI.DLL
0x00007ff846100000 - 0x00007ff846109000 	C:\WINDOWS\SYSTEM32\WSOCK32.dll
0x00007ff84a580000 - 0x00007ff84a5ec000 	C:\WINDOWS\System32\WS2_32.dll
0x00007ff8435a0000 - 0x00007ff8435c3000 	C:\WINDOWS\SYSTEM32\WINMM.dll
0x00007ff83ffc0000 - 0x00007ff83ffca000 	C:\WINDOWS\SYSTEM32\VERSION.dll
0x00007ff843570000 - 0x00007ff84359a000 	C:\WINDOWS\SYSTEM32\WINMMBASE.dll
0x00007ff848490000 - 0x00007ff8484da000 	C:\WINDOWS\System32\cfgmgr32.dll
0x0000000066790000 - 0x000000006679f000 	C:\Program Files\Java\jre1.8.0_121\bin\verify.dll
0x0000000066760000 - 0x0000000066789000 	C:\Program Files\Java\jre1.8.0_121\bin\java.dll
0x0000000066740000 - 0x0000000066756000 	C:\Program Files\Java\jre1.8.0_121\bin\zip.dll
0x00007ff848580000 - 0x00007ff8499b8000 	C:\WINDOWS\System32\SHELL32.dll
0x00007ff84a7e0000 - 0x00007ff84a886000 	C:\WINDOWS\System32\shcore.dll
0x00007ff8478c0000 - 0x00007ff848007000 	C:\WINDOWS\System32\windows.storage.dll
0x00007ff849ca0000 - 0x00007ff849cf1000 	C:\WINDOWS\System32\shlwapi.dll
0x00007ff847470000 - 0x00007ff847481000 	C:\WINDOWS\System32\kernel.appcore.dll
0x00007ff847420000 - 0x00007ff84746c000 	C:\WINDOWS\System32\powrprof.dll
0x00007ff847400000 - 0x00007ff84741b000 	C:\WINDOWS\System32\profapi.dll
0x00000000648b0000 - 0x0000000064a48000 	C:\Program Files\Java\jre1.8.0_121\bin\awt.dll
0x00007ff849b50000 - 0x00007ff849c15000 	C:\WINDOWS\System32\OLEAUT32.dll
0x00007ff844be0000 - 0x00007ff844c68000 	C:\WINDOWS\SYSTEM32\apphelp.dll
0x00007ff844e00000 - 0x00007ff844e95000 	C:\WINDOWS\system32\uxtheme.dll
0x00007ff84a250000 - 0x00007ff84a3b7000 	C:\WINDOWS\System32\MSCTF.dll
0x00007ff8458e0000 - 0x00007ff84590a000 	C:\WINDOWS\system32\dwmapi.dll
0x00007ff84a5f0000 - 0x00007ff84a739000 	C:\WINDOWS\System32\ole32.dll
0x0000000064870000 - 0x00000000648a1000 	C:\Program Files\Java\jre1.8.0_121\bin\jpeg.dll
0x00007ff83e640000 - 0x00007ff83e75e000 	C:\WINDOWS\system32\opengl32.dll
0x00007ff841670000 - 0x00007ff84169c000 	C:\WINDOWS\SYSTEM32\GLU32.dll
0x0000000064820000 - 0x0000000064867000 	C:\Program Files\Java\jre1.8.0_121\bin\fontmanager.dll
0x00007ff83d840000 - 0x00007ff83d8d8000 	C:\WINDOWS\System32\TextInputFramework.dll
0x00007ff841810000 - 0x00007ff841afe000 	C:\WINDOWS\System32\CoreUIComponents.dll
0x00007ff8444d0000 - 0x00007ff8445ac000 	C:\WINDOWS\System32\CoreMessaging.dll
0x00007ff846530000 - 0x00007ff846561000 	C:\WINDOWS\SYSTEM32\ntmarta.dll
0x00007ff842b00000 - 0x00007ff842c36000 	C:\WINDOWS\SYSTEM32\wintypes.dll

VM Arguments:
jvm_args: -Dfile.encoding=Cp1252 
java_command: Play
java_class_path (initial): C:\Users\samue\workspace_Semestre1\workspace_Semestre2\Poker_TexaHoldem_GUI\bin
Launcher Type: SUN_STANDARD

Environment Variables:
PATH=C:/Program Files/Java/jre1.8.0_121/bin/server;C:/Program Files/Java/jre1.8.0_121/bin;C:/Program Files/Java/jre1.8.0_121/lib/amd64;C:\oraclexe\app\oracle\product\11.2.0\server\bin;;C:\ProgramData\Oracle\Java\javapath;C:\Program Files (x86)\Intel\iCLS Client\;C:\Program Files\Intel\iCLS Client\;C:\Windows\system32;C:\Windows;C:\Windows\System32\Wbem;C:\Windows\System32\WindowsPowerShell\v1.0\;C:\Program Files (x86)\NVIDIA Corporation\PhysX\Common;C:\Program Files (x86)\Intel\Intel(R) Management Engine Components\DAL;C:\Program Files\Intel\Intel(R) Management Engine Components\DAL;C:\Program Files (x86)\Intel\Intel(R) Management Engine Components\IPT;C:\Program Files\Intel\Intel(R) Management Engine Components\IPT;C:\Program Files\Novell\iPrint;C:\WINDOWS\system32;C:\WINDOWS;C:\WINDOWS\System32\Wbem;C:\WINDOWS\System32\WindowsPowerShell\v1.0\;C:\Program Files (x86)\Skype\Phone\;C:\Program Files\PuTTY\;C:\Program Files\Intel\WiFi\bin\;C:\Program Files\Common Files\Intel\WirelessCommon\;C:\Program Files (x86)\Rational\common;C:\Program Files (x86)\Microsoft SQL Server\Client SDK\ODBC\130\Tools\Binn\;C:\Program Files (x86)\Microsoft SQL Server\140\Tools\Binn\;C:\Program Files (x86)\Microsoft SQL Server\140\DTS\Binn\;C:\Program Files (x86)\Microsoft SQL Server\140\Tools\Binn\ManagementStudio\;C:\Program Files\Microsoft SQL Server\Client SDK\ODBC\130\Tools\Binn\;C:\Program Files\Microsoft SQL Server\140\Tools\Binn\;C:\Program Files\Microsoft SQL Server\140\DTS\Binn\;C:\Users\samue\AppData\Local\Microsoft\WindowsApps;C:\Users\samue\AppData\Local\GitHubDesktop\bin;C:\WINDOWS\System32;
USERNAME=samue
OS=Windows_NT
PROCESSOR_IDENTIFIER=Intel64 Family 6 Model 78 Stepping 3, GenuineIntel



---------------  S Y S T E M  ---------------

OS: Windows 10.0 , 64 bit Build 16299 (10.0.16299.431)

CPU:total 4 (2 cores per cpu, 2 threads per core) family 6 model 78 stepping 3, cmov, cx8, fxsr, mmx, sse, sse2, sse3, ssse3, sse4.1, sse4.2, popcnt, avx, avx2, aes, clmul, erms, 3dnowpref, lzcnt, ht, tsc, tscinvbit, bmi1, bmi2, adx

Memory: 4k page, physical 8278296k(338904k free), swap 23808276k(1668k free)

vm_info: Java HotSpot(TM) 64-Bit Server VM (25.121-b13) for windows-amd64 JRE (1.8.0_121-b13), built on Dec 12 2016 18:21:36 by "java_re" with MS VC++ 10.0 (VS2010)

time: Thu May 24 21:05:33 2018
elapsed time: 1374 seconds (0d 0h 22m 54s)

