#
# There is insufficient memory for the Java Runtime Environment to continue.
# Native memory allocation (malloc) failed to allocate 32744 bytes for ChunkPool::allocate
# Possible reasons:
#   The system is out of physical RAM or swap space
#   In 32 bit mode, the process size limit was hit
# Possible solutions:
#   Reduce memory load on the system
#   Increase physical memory or swap space
#   Check if swap backing store is full
#   Use 64 bit Java on a 64 bit OS
#   Decrease Java heap size (-Xmx/-Xms)
#   Decrease number of Java threads
#   Decrease Java thread stack sizes (-Xss)
#   Set larger code cache with -XX:ReservedCodeCacheSize=
# This output file may be truncated or incomplete.
#
#  Out of Memory Error (allocation.cpp:273), pid=12440, tid=0x0000000000001504
#
# JRE version: Java(TM) SE Runtime Environment (8.0_121-b13) (build 1.8.0_121-b13)
# Java VM: Java HotSpot(TM) 64-Bit Server VM (25.121-b13 mixed mode windows-amd64 compressed oops)
# Failed to write core dump. Minidumps are not enabled by default on client versions of Windows
#

---------------  T H R E A D  ---------------

Current thread (0x0000000018dbd000):  JavaThread "C2 CompilerThread0" daemon [_thread_in_native, id=5380, stack(0x000000001a530000,0x000000001a630000)]

Stack: [0x000000001a530000,0x000000001a630000]
[error occurred during error reporting (printing stack bounds), id 0xc0000005]

Native frames: (J=compiled Java code, j=interpreted, Vv=VM code, C=native code)


Current CompileTask:
C2: 645255  448       4       java.lang.String::compareTo (78 bytes)


---------------  P R O C E S S  ---------------

Java Threads: ( => current thread )
  0x000000001ab2c000 JavaThread "AWT-EventQueue-0" [_thread_blocked, id=15884, stack(0x000000001bdd0000,0x000000001bed0000)]
  0x000000001aae7800 JavaThread "AWT-Windows" daemon [_thread_in_native, id=12816, stack(0x000000001b990000,0x000000001ba90000)]
  0x000000001aae4800 JavaThread "AWT-Shutdown" [_thread_blocked, id=1672, stack(0x000000001b890000,0x000000001b990000)]
  0x000000001aae2800 JavaThread "Java2D Disposer" daemon [_thread_blocked, id=2004, stack(0x000000001b790000,0x000000001b890000)]
  0x000000001a739800 JavaThread "Service Thread" daemon [_thread_blocked, id=15492, stack(0x000000001ac30000,0x000000001ad30000)]
  0x000000001a734800 JavaThread "C1 CompilerThread2" daemon [_thread_blocked, id=9052, stack(0x000000001ab30000,0x000000001ac30000)]
  0x0000000018e1c000 JavaThread "C2 CompilerThread1" daemon [_thread_blocked, id=11420, stack(0x000000001a630000,0x000000001a730000)]
=>0x0000000018dbd000 JavaThread "C2 CompilerThread0" daemon [_thread_in_native, id=5380, stack(0x000000001a530000,0x000000001a630000)]
  0x0000000018dbc000 JavaThread "Attach Listener" daemon [_thread_blocked, id=14668, stack(0x000000001a430000,0x000000001a530000)]
  0x0000000018dbb000 JavaThread "Signal Dispatcher" daemon [_thread_blocked, id=3428, stack(0x000000001a330000,0x000000001a430000)]
  0x0000000018daa800 JavaThread "Finalizer" daemon [_thread_blocked, id=13172, stack(0x000000001a010000,0x000000001a110000)]
  0x0000000018d89000 JavaThread "Reference Handler" daemon [_thread_blocked, id=6236, stack(0x0000000019f10000,0x000000001a010000)]
  0x000000000403d800 JavaThread "main" [_thread_in_native, id=16056, stack(0x0000000004080000,0x0000000004180000)]

Other Threads:
  0x0000000018d87800 VMThread [stack: 0x0000000019e10000,0x0000000019f10000] [id=6828]
  0x000000001a73e000 WatcherThread [stack: 0x000000001ae90000,0x000000001af90000] [id=4320]

VM state:not at safepoint (normal execution)

VM Mutex/Monitor currently owned by a thread: None

Heap:
 PSYoungGen      total 136192K, used 7277K [0x00000000d5e00000, 0x00000000e2a00000, 0x0000000100000000)
  eden space 131072K, 5% used [0x00000000d5e00000,0x00000000d651b720,0x00000000dde00000)
  from space 5120K, 0% used [0x00000000dde00000,0x00000000dde00000,0x00000000de300000)
  to   space 4608K, 0% used [0x00000000e2580000,0x00000000e2580000,0x00000000e2a00000)
 ParOldGen       total 269824K, used 148930K [0x0000000081a00000, 0x0000000092180000, 0x00000000d5e00000)
  object space 269824K, 55% used [0x0000000081a00000,0x000000008ab70a78,0x0000000092180000)
 Metaspace       used 8955K, capacity 9190K, committed 9472K, reserved 1056768K
  class space    used 1093K, capacity 1163K, committed 1280K, reserved 1048576K

Card table byte_map: [0x0000000013640000,0x0000000013a40000] byte_map_base: 0x0000000013233000

Marking Bits: (ParMarkBitMap*) 0x0000000065a2b6d0
 Begin Bits: [0x00000000140f0000, 0x0000000016088000)
 End Bits:   [0x0000000016088000, 0x0000000018020000)

Polling page: 0x0000000002930000

CodeCache: size=245760Kb used=2010Kb max_used=2010Kb free=243749Kb
 bounds [0x0000000004280000, 0x00000000044f0000, 0x0000000013280000]
 total_blobs=874 nmethods=447 adapters=340
 compilation: enabled

Compilation events (10 events):
Event: 313.153 Thread 0x000000001a734800 nmethod 443 0x0000000004473e90 code [0x0000000004474040, 0x00000000044746e8]
Event: 313.153 Thread 0x000000001a734800  445   !   3       java.awt.Toolkit::setDesktopProperty (81 bytes)
Event: 313.154 Thread 0x000000001a734800 nmethod 445 0x00000000044749d0 code [0x0000000004474c00, 0x0000000004475b08]
Event: 313.154 Thread 0x000000001a734800  444       1       java.awt.Color::getRGB (5 bytes)
Event: 313.154 Thread 0x000000001a734800 nmethod 444 0x0000000004476150 code [0x00000000044762a0, 0x00000000044763b0]
Event: 313.154 Thread 0x000000001a734800  446       1       java.awt.EventDispatchThread$1::evaluate (2 bytes)
Event: 313.154 Thread 0x000000001a734800 nmethod 446 0x0000000004476410 code [0x0000000004476560, 0x0000000004476670]
Event: 313.154 Thread 0x000000001a734800  447  s    1       java.awt.EventDispatchThread::getEventQueue (5 bytes)
Event: 313.154 Thread 0x000000001a734800 nmethod 447 0x00000000044766d0 code [0x0000000004476820, 0x0000000004476a90]
Event: 645.191 Thread 0x0000000018dbd000  448       4       java.lang.String::compareTo (78 bytes)

GC Heap History (10 events):
Event: 0.510 GC heap before
{Heap before GC invocations=3 (full 0):
 PSYoungGen      total 71680K, used 67630K [0x00000000d5e00000, 0x00000000da900000, 0x0000000100000000)
  eden space 66560K, 95% used [0x00000000d5e00000,0x00000000d9c5f010,0x00000000d9f00000)
  from space 5120K, 73% used [0x00000000da400000,0x00000000da7ac9a0,0x00000000da900000)
  to   space 5120K, 0% used [0x00000000d9f00000,0x00000000d9f00000,0x00000000da400000)
 ParOldGen       total 87552K, used 37019K [0x0000000081a00000, 0x0000000086f80000, 0x00000000d5e00000)
  object space 87552K, 42% used [0x0000000081a00000,0x0000000083e26da0,0x0000000086f80000)
 Metaspace       used 6183K, capacity 6428K, committed 6528K, reserved 1056768K
  class space    used 736K, capacity 797K, committed 896K, reserved 1048576K
Event: 0.528 GC heap after
Heap after GC invocations=3 (full 0):
 PSYoungGen      total 71680K, used 3810K [0x00000000d5e00000, 0x00000000dea00000, 0x0000000100000000)
  eden space 66560K, 0% used [0x00000000d5e00000,0x00000000d5e00000,0x00000000d9f00000)
  from space 5120K, 74% used [0x00000000d9f00000,0x00000000da2b89b0,0x00000000da400000)
  to   space 5120K, 0% used [0x00000000de500000,0x00000000de500000,0x00000000dea00000)
 ParOldGen       total 87552K, used 79783K [0x0000000081a00000, 0x0000000086f80000, 0x00000000d5e00000)
  object space 87552K, 91% used [0x0000000081a00000,0x00000000867e9d10,0x0000000086f80000)
 Metaspace       used 6183K, capacity 6428K, committed 6528K, reserved 1056768K
  class space    used 736K, capacity 797K, committed 896K, reserved 1048576K
}
Event: 0.528 GC heap before
{Heap before GC invocations=4 (full 1):
 PSYoungGen      total 71680K, used 3810K [0x00000000d5e00000, 0x00000000dea00000, 0x0000000100000000)
  eden space 66560K, 0% used [0x00000000d5e00000,0x00000000d5e00000,0x00000000d9f00000)
  from space 5120K, 74% used [0x00000000d9f00000,0x00000000da2b89b0,0x00000000da400000)
  to   space 5120K, 0% used [0x00000000de500000,0x00000000de500000,0x00000000dea00000)
 ParOldGen       total 87552K, used 79783K [0x0000000081a00000, 0x0000000086f80000, 0x00000000d5e00000)
  object space 87552K, 91% used [0x0000000081a00000,0x00000000867e9d10,0x0000000086f80000)
 Metaspace       used 6183K, capacity 6428K, committed 6528K, reserved 1056768K
  class space    used 736K, capacity 797K, committed 896K, reserved 1048576K
Event: 0.543 GC heap after
Heap after GC invocations=4 (full 1):
 PSYoungGen      total 71680K, used 0K [0x00000000d5e00000, 0x00000000dea00000, 0x0000000100000000)
  eden space 66560K, 0% used [0x00000000d5e00000,0x00000000d5e00000,0x00000000d9f00000)
  from space 5120K, 0% used [0x00000000d9f00000,0x00000000d9f00000,0x00000000da400000)
  to   space 5120K, 0% used [0x00000000de500000,0x00000000de500000,0x00000000dea00000)
 ParOldGen       total 146944K, used 60652K [0x0000000081a00000, 0x000000008a980000, 0x00000000d5e00000)
  object space 146944K, 41% used [0x0000000081a00000,0x000000008553b320,0x000000008a980000)
 Metaspace       used 6183K, capacity 6428K, committed 6528K, reserved 1056768K
  class space    used 736K, capacity 797K, committed 896K, reserved 1048576K
}
Event: 0.669 GC heap before
{Heap before GC invocations=5 (full 1):
 PSYoungGen      total 71680K, used 64422K [0x00000000d5e00000, 0x00000000dea00000, 0x0000000100000000)
  eden space 66560K, 96% used [0x00000000d5e00000,0x00000000d9ce9a70,0x00000000d9f00000)
  from space 5120K, 0% used [0x00000000d9f00000,0x00000000d9f00000,0x00000000da400000)
  to   space 5120K, 0% used [0x00000000de500000,0x00000000de500000,0x00000000dea00000)
 ParOldGen       total 146944K, used 60652K [0x0000000081a00000, 0x000000008a980000, 0x00000000d5e00000)
  object space 146944K, 41% used [0x0000000081a00000,0x000000008553b320,0x000000008a980000)
 Metaspace       used 6183K, capacity 6428K, committed 6528K, reserved 1056768K
  class space    used 736K, capacity 797K, committed 896K, reserved 1048576K
Event: 0.678 GC heap after
Heap after GC invocations=5 (full 1):
 PSYoungGen      total 118784K, used 2978K [0x00000000d5e00000, 0x00000000de800000, 0x0000000100000000)
  eden space 115712K, 0% used [0x00000000d5e00000,0x00000000d5e00000,0x00000000dcf00000)
  from space 3072K, 96% used [0x00000000de500000,0x00000000de7e8990,0x00000000de800000)
  to   space 5120K, 0% used [0x00000000dde00000,0x00000000dde00000,0x00000000de300000)
 ParOldGen       total 146944K, used 97620K [0x0000000081a00000, 0x000000008a980000, 0x00000000d5e00000)
  object space 146944K, 66% used [0x0000000081a00000,0x0000000087955210,0x000000008a980000)
 Metaspace       used 6183K, capacity 6428K, committed 6528K, reserved 1056768K
  class space    used 736K, capacity 797K, committed 896K, reserved 1048576K
}
Event: 0.940 GC heap before
{Heap before GC invocations=6 (full 1):
 PSYoungGen      total 118784K, used 118690K [0x00000000d5e00000, 0x00000000de800000, 0x0000000100000000)
  eden space 115712K, 100% used [0x00000000d5e00000,0x00000000dcf00000,0x00000000dcf00000)
  from space 3072K, 96% used [0x00000000de500000,0x00000000de7e8990,0x00000000de800000)
  to   space 5120K, 0% used [0x00000000dde00000,0x00000000dde00000,0x00000000de300000)
 ParOldGen       total 146944K, used 97620K [0x0000000081a00000, 0x000000008a980000, 0x00000000d5e00000)
  object space 146944K, 66% used [0x0000000081a00000,0x0000000087955210,0x000000008a980000)
 Metaspace       used 6187K, capacity 6428K, committed 6528K, reserved 1056768K
  class space    used 736K, capacity 797K, committed 896K, reserved 1048576K
Event: 0.958 GC heap after
Heap after GC invocations=6 (full 1):
 PSYoungGen      total 136192K, used 3010K [0x00000000d5e00000, 0x00000000e2a00000, 0x0000000100000000)
  eden space 131072K, 0% used [0x00000000d5e00000,0x00000000d5e00000,0x00000000dde00000)
  from space 5120K, 58% used [0x00000000dde00000,0x00000000de0f0990,0x00000000de300000)
  to   space 4608K, 0% used [0x00000000e2580000,0x00000000e2580000,0x00000000e2a00000)
 ParOldGen       total 162304K, used 160285K [0x0000000081a00000, 0x000000008b880000, 0x00000000d5e00000)
  object space 162304K, 98% used [0x0000000081a00000,0x000000008b6875c0,0x000000008b880000)
 Metaspace       used 6187K, capacity 6428K, committed 6528K, reserved 1056768K
  class space    used 736K, capacity 797K, committed 896K, reserved 1048576K
}
Event: 0.958 GC heap before
{Heap before GC invocations=7 (full 2):
 PSYoungGen      total 136192K, used 3010K [0x00000000d5e00000, 0x00000000e2a00000, 0x0000000100000000)
  eden space 131072K, 0% used [0x00000000d5e00000,0x00000000d5e00000,0x00000000dde00000)
  from space 5120K, 58% used [0x00000000dde00000,0x00000000de0f0990,0x00000000de300000)
  to   space 4608K, 0% used [0x00000000e2580000,0x00000000e2580000,0x00000000e2a00000)
 ParOldGen       total 162304K, used 160285K [0x0000000081a00000, 0x000000008b880000, 0x00000000d5e00000)
  object space 162304K, 98% used [0x0000000081a00000,0x000000008b6875c0,0x000000008b880000)
 Metaspace       used 6187K, capacity 6428K, committed 6528K, reserved 1056768K
  class space    used 736K, capacity 797K, committed 896K, reserved 1048576K
Event: 0.969 GC heap after
Heap after GC invocations=7 (full 2):
 PSYoungGen      total 136192K, used 0K [0x00000000d5e00000, 0x00000000e2a00000, 0x0000000100000000)
  eden space 131072K, 0% used [0x00000000d5e00000,0x00000000d5e00000,0x00000000dde00000)
  from space 5120K, 0% used [0x00000000dde00000,0x00000000dde00000,0x00000000de300000)
  to   space 4608K, 0% used [0x00000000e2580000,0x00000000e2580000,0x00000000e2a00000)
 ParOldGen       total 269824K, used 148930K [0x0000000081a00000, 0x0000000092180000, 0x00000000d5e00000)
  object space 269824K, 55% used [0x0000000081a00000,0x000000008ab70a78,0x0000000092180000)
 Metaspace       used 6187K, capacity 6428K, committed 6528K, reserved 1056768K
  class space    used 736K, capacity 797K, committed 896K, reserved 1048576K
}

Deoptimization events (1 events):
Event: 1.073 Thread 0x000000000403d800 Uncommon trap: reason=unstable_if action=reinterpret pc=0x0000000004422cdc method=java.io.BufferedInputStream.read1([BII)I @ 22

Internal exceptions (10 events):
Event: 0.027 Thread 0x000000000403d800 Exception <a 'java/lang/NoSuchMethodError': Method sun.misc.Unsafe.prefetchRead(Ljava/lang/Object;J)V name or signature does not match> (0x00000000d5e07f90) thrown at [C:\re\workspace\8-2-build-windows-amd64-cygwin\jdk8u121\8372\hotspot\src\share\vm\prims
Event: 0.076 Thread 0x000000000403d800 Exception <a 'java/io/FileNotFoundException'> (0x00000000d5e5bdb8) thrown at [C:\re\workspace\8-2-build-windows-amd64-cygwin\jdk8u121\8372\hotspot\src\share\vm\prims\jni.cpp, line 709]
Event: 0.102 Thread 0x000000000403d800 Exception <a 'java/security/PrivilegedActionException'> (0x00000000d5e958f0) thrown at [C:\re\workspace\8-2-build-windows-amd64-cygwin\jdk8u121\8372\hotspot\src\share\vm\prims\jvm.cpp, line 1390]
Event: 0.102 Thread 0x000000000403d800 Exception <a 'java/security/PrivilegedActionException'> (0x00000000d5e95ce8) thrown at [C:\re\workspace\8-2-build-windows-amd64-cygwin\jdk8u121\8372\hotspot\src\share\vm\prims\jvm.cpp, line 1390]
Event: 0.103 Thread 0x000000000403d800 Exception <a 'java/security/PrivilegedActionException'> (0x00000000d5e99b40) thrown at [C:\re\workspace\8-2-build-windows-amd64-cygwin\jdk8u121\8372\hotspot\src\share\vm\prims\jvm.cpp, line 1390]
Event: 0.103 Thread 0x000000000403d800 Exception <a 'java/security/PrivilegedActionException'> (0x00000000d5e99f38) thrown at [C:\re\workspace\8-2-build-windows-amd64-cygwin\jdk8u121\8372\hotspot\src\share\vm\prims\jvm.cpp, line 1390]
Event: 0.136 Thread 0x000000000403d800 Exception <a 'java/io/FileNotFoundException'> (0x00000000d5f94b98) thrown at [C:\re\workspace\8-2-build-windows-amd64-cygwin\jdk8u121\8372\hotspot\src\share\vm\prims\jni.cpp, line 709]
Event: 0.169 Thread 0x000000000403d800 Exception <a 'java/lang/NoSuchFieldError': method resolution failed> (0x00000000d6061cc0) thrown at [C:\re\workspace\8-2-build-windows-amd64-cygwin\jdk8u121\8372\hotspot\src\share\vm\prims\methodHandles.cpp, line 1146]
Event: 0.174 Thread 0x000000000403d800 Exception <a 'java/lang/NoSuchFieldError': method resolution failed> (0x00000000d606f460) thrown at [C:\re\workspace\8-2-build-windows-amd64-cygwin\jdk8u121\8372\hotspot\src\share\vm\prims\methodHandles.cpp, line 1146]
Event: 0.979 Thread 0x000000000403d800 Exception <a 'java/io/FileNotFoundException'> (0x00000000d5f63fa0) thrown at [C:\re\workspace\8-2-build-windows-amd64-cygwin\jdk8u121\8372\hotspot\src\share\vm\prims\jni.cpp, line 709]

Events (10 events):
Event: 1.089 loading class sun/reflect/UnsafeBooleanFieldAccessorImpl
Event: 1.089 loading class sun/reflect/UnsafeBooleanFieldAccessorImpl done
Event: 4.102 Executing VM operation: EnableBiasedLocking
Event: 4.102 Executing VM operation: EnableBiasedLocking done
Event: 4.113 loading class java/awt/KeyboardFocusManager$2
Event: 4.113 loading class java/awt/KeyboardFocusManager$2 done
Event: 4.113 loading class sun/awt/SunToolkit$1
Event: 4.114 loading class sun/awt/SunToolkit$1 done
Event: 5.927 Thread 0x000000001aaf2800 Thread exited: 0x000000001aaf2800
Event: 5.972 Thread 0x000000001aafa000 Thread exited: 0x000000001aafa000


Dynamic libraries:
0x00007ff75f8a0000 - 0x00007ff75f8d7000 	C:\Program Files\Java\jre1.8.0_121\bin\javaw.exe
0x00007ff84b0b0000 - 0x00007ff84b290000 	C:\WINDOWS\SYSTEM32\ntdll.dll
0x00007ff842750000 - 0x00007ff842784000 	C:\Program Files\AVAST Software\Avast\x64\aswhooka.dll
0x00007ff84a0c0000 - 0x00007ff84a16e000 	C:\WINDOWS\System32\KERNEL32.DLL
0x00007ff848010000 - 0x00007ff848276000 	C:\WINDOWS\System32\KERNELBASE.dll
0x00007ff84a170000 - 0x00007ff84a211000 	C:\WINDOWS\System32\ADVAPI32.dll
0x00007ff849d00000 - 0x00007ff849d9d000 	C:\WINDOWS\System32\msvcrt.dll
0x00007ff84a8f0000 - 0x00007ff84a94b000 	C:\WINDOWS\System32\sechost.dll
0x00007ff84a950000 - 0x00007ff84aa6f000 	C:\WINDOWS\System32\RPCRT4.dll
0x00007ff84aef0000 - 0x00007ff84b07f000 	C:\WINDOWS\System32\USER32.dll
0x00007ff8476d0000 - 0x00007ff8476f0000 	C:\WINDOWS\System32\win32u.dll
0x00007ff84a220000 - 0x00007ff84a248000 	C:\WINDOWS\System32\GDI32.dll
0x00007ff847530000 - 0x00007ff8476c3000 	C:\WINDOWS\System32\gdi32full.dll
0x00007ff8484e0000 - 0x00007ff84857b000 	C:\WINDOWS\System32\msvcp_win.dll
0x00007ff848280000 - 0x00007ff848376000 	C:\WINDOWS\System32\ucrtbase.dll
0x00007ff83d2c0000 - 0x00007ff83d529000 	C:\WINDOWS\WinSxS\amd64_microsoft.windows.common-controls_6595b64144ccf1df_6.0.16299.431_none_15c7d3ee93659e73\COMCTL32.dll
0x00007ff849da0000 - 0x00007ff84a0a8000 	C:\WINDOWS\System32\combase.dll
0x00007ff8474b0000 - 0x00007ff847522000 	C:\WINDOWS\System32\bcryptPrimitives.dll
0x00007ff84aa70000 - 0x00007ff84aa9d000 	C:\WINDOWS\System32\IMM32.DLL
0x0000000064a50000 - 0x0000000064b22000 	C:\Program Files\Java\jre1.8.0_121\bin\msvcr100.dll
0x0000000065210000 - 0x0000000065aab000 	C:\Program Files\Java\jre1.8.0_121\bin\server\jvm.dll
0x00007ff849ae0000 - 0x00007ff849ae8000 	C:\WINDOWS\System32\PSAPI.DLL
0x00007ff846100000 - 0x00007ff846109000 	C:\WINDOWS\SYSTEM32\WSOCK32.dll
0x00007ff84a580000 - 0x00007ff84a5ec000 	C:\WINDOWS\System32\WS2_32.dll
0x00007ff8435a0000 - 0x00007ff8435c3000 	C:\WINDOWS\SYSTEM32\WINMM.dll
0x00007ff83ffc0000 - 0x00007ff83ffca000 	C:\WINDOWS\SYSTEM32\VERSION.dll
0x00007ff843570000 - 0x00007ff84359a000 	C:\WINDOWS\SYSTEM32\WINMMBASE.dll
0x00007ff848490000 - 0x00007ff8484da000 	C:\WINDOWS\System32\cfgmgr32.dll
0x0000000066790000 - 0x000000006679f000 	C:\Program Files\Java\jre1.8.0_121\bin\verify.dll
0x0000000066760000 - 0x0000000066789000 	C:\Program Files\Java\jre1.8.0_121\bin\java.dll
0x0000000066740000 - 0x0000000066756000 	C:\Program Files\Java\jre1.8.0_121\bin\zip.dll
0x00007ff848580000 - 0x00007ff8499b8000 	C:\WINDOWS\System32\SHELL32.dll
0x00007ff84a7e0000 - 0x00007ff84a886000 	C:\WINDOWS\System32\shcore.dll
0x00007ff8478c0000 - 0x00007ff848007000 	C:\WINDOWS\System32\windows.storage.dll
0x00007ff849ca0000 - 0x00007ff849cf1000 	C:\WINDOWS\System32\shlwapi.dll
0x00007ff847470000 - 0x00007ff847481000 	C:\WINDOWS\System32\kernel.appcore.dll
0x00007ff847420000 - 0x00007ff84746c000 	C:\WINDOWS\System32\powrprof.dll
0x00007ff847400000 - 0x00007ff84741b000 	C:\WINDOWS\System32\profapi.dll
0x00000000648b0000 - 0x0000000064a48000 	C:\Program Files\Java\jre1.8.0_121\bin\awt.dll
0x00007ff849b50000 - 0x00007ff849c15000 	C:\WINDOWS\System32\OLEAUT32.dll
0x00007ff844be0000 - 0x00007ff844c68000 	C:\WINDOWS\SYSTEM32\apphelp.dll
0x00007ff844e00000 - 0x00007ff844e95000 	C:\WINDOWS\system32\uxtheme.dll
0x00007ff84a250000 - 0x00007ff84a3b7000 	C:\WINDOWS\System32\MSCTF.dll
0x00007ff8458e0000 - 0x00007ff84590a000 	C:\WINDOWS\system32\dwmapi.dll
0x00007ff84a5f0000 - 0x00007ff84a739000 	C:\WINDOWS\System32\ole32.dll
0x0000000064870000 - 0x00000000648a1000 	C:\Program Files\Java\jre1.8.0_121\bin\jpeg.dll
0x00007ff83e640000 - 0x00007ff83e75e000 	C:\WINDOWS\system32\opengl32.dll
0x00007ff841670000 - 0x00007ff84169c000 	C:\WINDOWS\SYSTEM32\GLU32.dll
0x0000000064820000 - 0x0000000064867000 	C:\Program Files\Java\jre1.8.0_121\bin\fontmanager.dll
0x00007ff83d840000 - 0x00007ff83d8d8000 	C:\WINDOWS\System32\TextInputFramework.dll
0x00007ff841810000 - 0x00007ff841afe000 	C:\WINDOWS\System32\CoreUIComponents.dll
0x00007ff8444d0000 - 0x00007ff8445ac000 	C:\WINDOWS\System32\CoreMessaging.dll
0x00007ff846530000 - 0x00007ff846561000 	C:\WINDOWS\SYSTEM32\ntmarta.dll
0x00007ff842b00000 - 0x00007ff842c36000 	C:\WINDOWS\SYSTEM32\wintypes.dll

VM Arguments:
jvm_args: -Dfile.encoding=Cp1252 
java_command: Play
java_class_path (initial): C:\Users\samue\workspace_Semestre1\workspace_Semestre2\Poker_TexaHoldem_GUI\bin
Launcher Type: SUN_STANDARD

Environment Variables:
PATH=C:/Program Files/Java/jre1.8.0_121/bin/server;C:/Program Files/Java/jre1.8.0_121/bin;C:/Program Files/Java/jre1.8.0_121/lib/amd64;C:\oraclexe\app\oracle\product\11.2.0\server\bin;;C:\ProgramData\Oracle\Java\javapath;C:\Program Files (x86)\Intel\iCLS Client\;C:\Program Files\Intel\iCLS Client\;C:\Windows\system32;C:\Windows;C:\Windows\System32\Wbem;C:\Windows\System32\WindowsPowerShell\v1.0\;C:\Program Files (x86)\NVIDIA Corporation\PhysX\Common;C:\Program Files (x86)\Intel\Intel(R) Management Engine Components\DAL;C:\Program Files\Intel\Intel(R) Management Engine Components\DAL;C:\Program Files (x86)\Intel\Intel(R) Management Engine Components\IPT;C:\Program Files\Intel\Intel(R) Management Engine Components\IPT;C:\Program Files\Novell\iPrint;C:\WINDOWS\system32;C:\WINDOWS;C:\WINDOWS\System32\Wbem;C:\WINDOWS\System32\WindowsPowerShell\v1.0\;C:\Program Files (x86)\Skype\Phone\;C:\Program Files\PuTTY\;C:\Program Files\Intel\WiFi\bin\;C:\Program Files\Common Files\Intel\WirelessCommon\;C:\Program Files (x86)\Rational\common;C:\Program Files (x86)\Microsoft SQL Server\Client SDK\ODBC\130\Tools\Binn\;C:\Program Files (x86)\Microsoft SQL Server\140\Tools\Binn\;C:\Program Files (x86)\Microsoft SQL Server\140\DTS\Binn\;C:\Program Files (x86)\Microsoft SQL Server\140\Tools\Binn\ManagementStudio\;C:\Program Files\Microsoft SQL Server\Client SDK\ODBC\130\Tools\Binn\;C:\Program Files\Microsoft SQL Server\140\Tools\Binn\;C:\Program Files\Microsoft SQL Server\140\DTS\Binn\;C:\Users\samue\AppData\Local\Microsoft\WindowsApps;C:\Users\samue\AppData\Local\GitHubDesktop\bin;C:\WINDOWS\System32;
USERNAME=samue
OS=Windows_NT
PROCESSOR_IDENTIFIER=Intel64 Family 6 Model 78 Stepping 3, GenuineIntel



---------------  S Y S T E M  ---------------

OS: Windows 10.0 , 64 bit Build 16299 (10.0.16299.431)

CPU:total 4 (2 cores per cpu, 2 threads per core) family 6 model 78 stepping 3, cmov, cx8, fxsr, mmx, sse, sse2, sse3, ssse3, sse4.1, sse4.2, popcnt, avx, avx2, aes, clmul, erms, 3dnowpref, lzcnt, ht, tsc, tscinvbit, bmi1, bmi2, adx

Memory: 4k page, physical 8278296k(332564k free), swap 23808276k(8k free)

vm_info: Java HotSpot(TM) 64-Bit Server VM (25.121-b13) for windows-amd64 JRE (1.8.0_121-b13), built on Dec 12 2016 18:21:36 by "java_re" with MS VC++ 10.0 (VS2010)

time: Thu May 24 21:05:33 2018
elapsed time: 645 seconds (0d 0h 10m 45s)

