#
# There is insufficient memory for the Java Runtime Environment to continue.
# Native memory allocation (malloc) failed to allocate 1048576 bytes for AllocateHeap
# Possible reasons:
#   The system is out of physical RAM or swap space
#   In 32 bit mode, the process size limit was hit
# Possible solutions:
#   Reduce memory load on the system
#   Increase physical memory or swap space
#   Check if swap backing store is full
#   Use 64 bit Java on a 64 bit OS
#   Decrease Java heap size (-Xmx/-Xms)
#   Decrease number of Java threads
#   Decrease Java thread stack sizes (-Xss)
#   Set larger code cache with -XX:ReservedCodeCacheSize=
# This output file may be truncated or incomplete.
#
#  Out of Memory Error (memory/allocation.inline.hpp:61), pid=15376, tid=0x0000000000000af8
#
# JRE version:  (8.0_121-b13) (build )
# Java VM: Java HotSpot(TM) 64-Bit Server VM (25.121-b13 mixed mode windows-amd64 compressed oops)
# Failed to write core dump. Minidumps are not enabled by default on client versions of Windows
#

---------------  T H R E A D  ---------------

Current thread (0x0000000002c0d800):  JavaThread "Unknown thread" [_thread_in_vm, id=2808, stack(0x00000000043d0000,0x00000000044d0000)]

Stack: [0x00000000043d0000,0x00000000044d0000]
[error occurred during error reporting (printing stack bounds), id 0xc0000005]

Native frames: (J=compiled Java code, j=interpreted, Vv=VM code, C=native code)


---------------  P R O C E S S  ---------------

Java Threads: ( => current thread )

Other Threads:

=>0x0000000002c0d800 (exited) JavaThread "Unknown thread" [_thread_in_vm, id=2808, stack(0x00000000043d0000,0x00000000044d0000)]

VM state:not at safepoint (normal execution)

VM Mutex/Monitor currently owned by a thread: None

Heap:
 PSYoungGen      total 38400K, used 665K [0x00000000d5e00000, 0x00000000d8880000, 0x0000000100000000)
  eden space 33280K, 2% used [0x00000000d5e00000,0x00000000d5ea6670,0x00000000d7e80000)
  from space 5120K, 0% used [0x00000000d8380000,0x00000000d8380000,0x00000000d8880000)
  to   space 5120K, 0% used [0x00000000d7e80000,0x00000000d7e80000,0x00000000d8380000)
 ParOldGen       total 87552K, used 0K [0x0000000081a00000, 0x0000000086f80000, 0x00000000d5e00000)
  object space 87552K, 0% used [0x0000000081a00000,0x0000000081a00000,0x0000000086f80000)
 Metaspace       used 752K, capacity 1092K, committed 1152K, reserved 1060864K
  class space    used 75K, capacity 384K, committed 384K, reserved 1048576K

Card table byte_map: [0x0000000013a30000,0x0000000013e30000] byte_map_base: 0x0000000013623000

Marking Bits: (ParMarkBitMap*) 0x0000000065a2b6d0
 Begin Bits: [0x00000000144e0000, 0x0000000016478000)
 End Bits:   [0x0000000016478000, 0x0000000018410000)

Polling page: 0x0000000002bc0000

CodeCache: size=245760Kb used=328Kb max_used=328Kb free=245431Kb
 bounds [0x0000000004670000, 0x00000000048e0000, 0x0000000013670000]
 total_blobs=58 nmethods=0 adapters=38
 compilation: enabled

Compilation events (0 events):
No events

GC Heap History (0 events):
No events

Deoptimization events (0 events):
No events

Internal exceptions (0 events):
No events

Events (10 events):
Event: 0.023 loading class java/lang/Short
Event: 0.023 loading class java/lang/Short done
Event: 0.023 loading class java/lang/Integer
Event: 0.023 loading class java/lang/Integer done
Event: 0.023 loading class java/lang/Long
Event: 0.024 loading class java/lang/Long done
Event: 0.024 loading class java/lang/NullPointerException
Event: 0.024 loading class java/lang/NullPointerException done
Event: 0.024 loading class java/lang/ArithmeticException
Event: 0.024 loading class java/lang/ArithmeticException done


Dynamic libraries:
0x00007ff75f8a0000 - 0x00007ff75f8d7000 	C:\Program Files\Java\jre1.8.0_121\bin\javaw.exe
0x00007ff84b0b0000 - 0x00007ff84b290000 	C:\WINDOWS\SYSTEM32\ntdll.dll
0x00007ff842750000 - 0x00007ff842784000 	C:\Program Files\AVAST Software\Avast\x64\aswhooka.dll
0x00007ff84a0c0000 - 0x00007ff84a16e000 	C:\WINDOWS\System32\KERNEL32.DLL
0x00007ff848010000 - 0x00007ff848276000 	C:\WINDOWS\System32\KERNELBASE.dll
0x00007ff84a170000 - 0x00007ff84a211000 	C:\WINDOWS\System32\ADVAPI32.dll
0x00007ff849d00000 - 0x00007ff849d9d000 	C:\WINDOWS\System32\msvcrt.dll
0x00007ff84a8f0000 - 0x00007ff84a94b000 	C:\WINDOWS\System32\sechost.dll
0x00007ff84a950000 - 0x00007ff84aa6f000 	C:\WINDOWS\System32\RPCRT4.dll
0x00007ff84aef0000 - 0x00007ff84b07f000 	C:\WINDOWS\System32\USER32.dll
0x00007ff8476d0000 - 0x00007ff8476f0000 	C:\WINDOWS\System32\win32u.dll
0x00007ff84a220000 - 0x00007ff84a248000 	C:\WINDOWS\System32\GDI32.dll
0x00007ff847530000 - 0x00007ff8476c3000 	C:\WINDOWS\System32\gdi32full.dll
0x00007ff8484e0000 - 0x00007ff84857b000 	C:\WINDOWS\System32\msvcp_win.dll
0x00007ff848280000 - 0x00007ff848376000 	C:\WINDOWS\System32\ucrtbase.dll
0x00007ff83d2c0000 - 0x00007ff83d529000 	C:\WINDOWS\WinSxS\amd64_microsoft.windows.common-controls_6595b64144ccf1df_6.0.16299.431_none_15c7d3ee93659e73\COMCTL32.dll
0x00007ff849da0000 - 0x00007ff84a0a8000 	C:\WINDOWS\System32\combase.dll
0x00007ff8474b0000 - 0x00007ff847522000 	C:\WINDOWS\System32\bcryptPrimitives.dll
0x00007ff84aa70000 - 0x00007ff84aa9d000 	C:\WINDOWS\System32\IMM32.DLL
0x0000000064a50000 - 0x0000000064b22000 	C:\Program Files\Java\jre1.8.0_121\bin\msvcr100.dll
0x0000000065210000 - 0x0000000065aab000 	C:\Program Files\Java\jre1.8.0_121\bin\server\jvm.dll
0x00007ff849ae0000 - 0x00007ff849ae8000 	C:\WINDOWS\System32\PSAPI.DLL
0x00007ff846100000 - 0x00007ff846109000 	C:\WINDOWS\SYSTEM32\WSOCK32.dll
0x00007ff84a580000 - 0x00007ff84a5ec000 	C:\WINDOWS\System32\WS2_32.dll
0x00007ff8435a0000 - 0x00007ff8435c3000 	C:\WINDOWS\SYSTEM32\WINMM.dll
0x00007ff83ffc0000 - 0x00007ff83ffca000 	C:\WINDOWS\SYSTEM32\VERSION.dll
0x00007ff843570000 - 0x00007ff84359a000 	C:\WINDOWS\SYSTEM32\WINMMBASE.dll
0x00007ff848490000 - 0x00007ff8484da000 	C:\WINDOWS\System32\cfgmgr32.dll
0x0000000066790000 - 0x000000006679f000 	C:\Program Files\Java\jre1.8.0_121\bin\verify.dll
0x0000000066760000 - 0x0000000066789000 	C:\Program Files\Java\jre1.8.0_121\bin\java.dll
0x0000000066740000 - 0x0000000066756000 	C:\Program Files\Java\jre1.8.0_121\bin\zip.dll

VM Arguments:
jvm_args: -Dfile.encoding=Cp1252 
java_command: Play
java_class_path (initial): C:\Users\samue\workspace_Semestre1\workspace_Semestre2\Poker_TexaHoldem_GUI\bin
Launcher Type: SUN_STANDARD

Environment Variables:
PATH=C:/Program Files/Java/jre1.8.0_121/bin/server;C:/Program Files/Java/jre1.8.0_121/bin;C:/Program Files/Java/jre1.8.0_121/lib/amd64;C:\oraclexe\app\oracle\product\11.2.0\server\bin;;C:\ProgramData\Oracle\Java\javapath;C:\Program Files (x86)\Intel\iCLS Client\;C:\Program Files\Intel\iCLS Client\;C:\Windows\system32;C:\Windows;C:\Windows\System32\Wbem;C:\Windows\System32\WindowsPowerShell\v1.0\;C:\Program Files (x86)\NVIDIA Corporation\PhysX\Common;C:\Program Files (x86)\Intel\Intel(R) Management Engine Components\DAL;C:\Program Files\Intel\Intel(R) Management Engine Components\DAL;C:\Program Files (x86)\Intel\Intel(R) Management Engine Components\IPT;C:\Program Files\Intel\Intel(R) Management Engine Components\IPT;C:\Program Files\Novell\iPrint;C:\WINDOWS\system32;C:\WINDOWS;C:\WINDOWS\System32\Wbem;C:\WINDOWS\System32\WindowsPowerShell\v1.0\;C:\Program Files (x86)\Skype\Phone\;C:\Program Files\PuTTY\;C:\Program Files\Intel\WiFi\bin\;C:\Program Files\Common Files\Intel\WirelessCommon\;C:\Program Files (x86)\Rational\common;C:\Program Files (x86)\Microsoft SQL Server\Client SDK\ODBC\130\Tools\Binn\;C:\Program Files (x86)\Microsoft SQL Server\140\Tools\Binn\;C:\Program Files (x86)\Microsoft SQL Server\140\DTS\Binn\;C:\Program Files (x86)\Microsoft SQL Server\140\Tools\Binn\ManagementStudio\;C:\Program Files\Microsoft SQL Server\Client SDK\ODBC\130\Tools\Binn\;C:\Program Files\Microsoft SQL Server\140\Tools\Binn\;C:\Program Files\Microsoft SQL Server\140\DTS\Binn\;C:\Users\samue\AppData\Local\Microsoft\WindowsApps;C:\Users\samue\AppData\Local\GitHubDesktop\bin;C:\WINDOWS\System32;
USERNAME=samue
OS=Windows_NT
PROCESSOR_IDENTIFIER=Intel64 Family 6 Model 78 Stepping 3, GenuineIntel



---------------  S Y S T E M  ---------------

OS: Windows 10.0 , 64 bit Build 16299 (10.0.16299.431)

CPU:total 4 (2 cores per cpu, 2 threads per core) family 6 model 78 stepping 3, cmov, cx8, fxsr, mmx, sse, sse2, sse3, ssse3, sse4.1, sse4.2, popcnt, avx, avx2, aes, clmul, erms, 3dnowpref, lzcnt, ht, tsc, tscinvbit, bmi1, bmi2, adx

Memory: 4k page, physical 8278296k(633868k free), swap 23808276k(5356k free)

vm_info: Java HotSpot(TM) 64-Bit Server VM (25.121-b13) for windows-amd64 JRE (1.8.0_121-b13), built on Dec 12 2016 18:21:36 by "java_re" with MS VC++ 10.0 (VS2010)

time: Thu May 24 21:07:02 2018
elapsed time: 0 seconds (0d 0h 0m 0s)

